D:\VISUAL STUDIO 2010\PROJECTS\BUSMASTERCOMCLIENT\BUSMASTERCOMCLIENT\DEBUG\.NETFRAMEWORK,VERSION=V4.0.ASSEMBLYATTRIBUTES.OBJ
D:\VISUAL STUDIO 2010\PROJECTS\BUSMASTERCOMCLIENT\BUSMASTERCOMCLIENT\DEBUG\APP.RES
D:\VISUAL STUDIO 2010\PROJECTS\BUSMASTERCOMCLIENT\BUSMASTERCOMCLIENT\DEBUG\ASSEMBLYINFO.OBJ
D:\VISUAL STUDIO 2010\PROJECTS\BUSMASTERCOMCLIENT\BUSMASTERCOMCLIENT\DEBUG\BUSMASTERCOMCLIENT.EXE.INTERMEDIATE.MANIFEST
D:\VISUAL STUDIO 2010\PROJECTS\BUSMASTERCOMCLIENT\BUSMASTERCOMCLIENT\DEBUG\BUSMASTERCOMCLIENT.FORM1.RESOURCES
D:\VISUAL STUDIO 2010\PROJECTS\BUSMASTERCOMCLIENT\BUSMASTERCOMCLIENT\DEBUG\BUSMASTERCOMCLIENT.OBJ
D:\VISUAL STUDIO 2010\PROJECTS\BUSMASTERCOMCLIENT\BUSMASTERCOMCLIENT\DEBUG\BUSMASTERCOMCLIENT.PCH
d:\Visual Studio 2010\Projects\BusMasterComClient\BusMasterComClient\Debug\BusMasterComClient.vcxproj.ResolveComReference.cache
d:\Visual Studio 2010\Projects\BusMasterComClient\BusMasterComClient\Debug\BusMasterComClient.write.1.tlog
D:\VISUAL STUDIO 2010\PROJECTS\BUSMASTERCOMCLIENT\BUSMASTERCOMCLIENT\DEBUG\BUSMASTERCOMWRAPPER.OBJ
d:\Visual Studio 2010\Projects\BusMasterComClient\BusMasterComClient\Debug\cl.command.1.tlog
d:\Visual Studio 2010\Projects\BusMasterComClient\BusMasterComClient\Debug\CL.read.1.tlog
d:\Visual Studio 2010\Projects\BusMasterComClient\BusMasterComClient\Debug\CL.write.1.tlog
d:\Visual Studio 2010\Projects\BusMasterComClient\BusMasterComClient\Debug\GenerateResource.read.1.tlog
d:\Visual Studio 2010\Projects\BusMasterComClient\BusMasterComClient\Debug\GenerateResource.read.6.tlog
d:\Visual Studio 2010\Projects\BusMasterComClient\BusMasterComClient\Debug\GenerateResource.write.1.tlog
d:\Visual Studio 2010\Projects\BusMasterComClient\BusMasterComClient\Debug\GenerateResource.write.6.tlog
d:\Visual Studio 2010\Projects\BusMasterComClient\BusMasterComClient\Debug\link.264.read.1.tlog
d:\Visual Studio 2010\Projects\BusMasterComClient\BusMasterComClient\Debug\link.264.write.1.tlog
d:\Visual Studio 2010\Projects\BusMasterComClient\BusMasterComClient\Debug\link.264-cvtres.read.1.tlog
d:\Visual Studio 2010\Projects\BusMasterComClient\BusMasterComClient\Debug\link.264-cvtres.write.1.tlog
d:\Visual Studio 2010\Projects\BusMasterComClient\BusMasterComClient\Debug\link.3460.read.1.tlog
d:\Visual Studio 2010\Projects\BusMasterComClient\BusMasterComClient\Debug\link.3460.write.1.tlog
d:\Visual Studio 2010\Projects\BusMasterComClient\BusMasterComClient\Debug\link.3460-cvtres.read.1.tlog
d:\Visual Studio 2010\Projects\BusMasterComClient\BusMasterComClient\Debug\link.3460-cvtres.write.1.tlog
d:\Visual Studio 2010\Projects\BusMasterComClient\BusMasterComClient\Debug\link.command.1.tlog
d:\Visual Studio 2010\Projects\BusMasterComClient\BusMasterComClient\Debug\link.read.1.tlog
d:\Visual Studio 2010\Projects\BusMasterComClient\BusMasterComClient\Debug\link.write.1.tlog
d:\Visual Studio 2010\Projects\BusMasterComClient\BusMasterComClient\Debug\mt.command.1.tlog
d:\Visual Studio 2010\Projects\BusMasterComClient\BusMasterComClient\Debug\mt.read.1.tlog
d:\Visual Studio 2010\Projects\BusMasterComClient\BusMasterComClient\Debug\mt.write.1.tlog
d:\Visual Studio 2010\Projects\BusMasterComClient\BusMasterComClient\Debug\rc.command.1.tlog
d:\Visual Studio 2010\Projects\BusMasterComClient\BusMasterComClient\Debug\rc.read.1.tlog
d:\Visual Studio 2010\Projects\BusMasterComClient\BusMasterComClient\Debug\rc.write.1.tlog
D:\VISUAL STUDIO 2010\PROJECTS\BUSMASTERCOMCLIENT\BUSMASTERCOMCLIENT\DEBUG\STDAFX.OBJ
D:\VISUAL STUDIO 2010\PROJECTS\BUSMASTERCOMCLIENT\BUSMASTERCOMCLIENT\DEBUG\VC100.PDB
D:\VISUAL STUDIO 2010\PROJECTS\BUSMASTERCOMCLIENT\DEBUG\BUSMASTERCOMCLIENT.EXE
D:\VISUAL STUDIO 2010\PROJECTS\BUSMASTERCOMCLIENT\DEBUG\BUSMASTERCOMCLIENT.ILK
D:\VISUAL STUDIO 2010\PROJECTS\BUSMASTERCOMCLIENT\DEBUG\BUSMASTERCOMCLIENT.PDB
